生成启动时间为 2022/3/9 12:01:40。
     1>项目“D:\cziliao\day1\day1\day1.vcxproj”在节点 2 上(build 个目标)。
     1>InitializeBuildStatus:
         正在创建“Debug\day1.unsuccessfulbuild”，因为已指定“AlwaysCreate”。
       ClCompile:
         d:\Cyuyan\VC\bin\CL.exe /c /ZI /nologo /W3 /WX- /Od /Oy- /D WIN32 /D _DEBUG /D _CONSOLE /D _UNICODE /D UNICODE /Gm /EHsc /RTC1 /MDd /GS /fp:precise /Zc:wchar_t /Zc:forScope /Fo"Debug\\" /Fd"Debug\vc100.pdb" /Gd /TC /analyze- /errorReport:prompt day1.c
         day1.c
       ManifestResourceCompile:
         所有输出均为最新。
       Link:
         d:\Cyuyan\VC\bin\link.exe /ERRORREPORT:PROMPT /OUT:"D:\cziliao\day1\Debug\day1.exe" /INCREMENTAL /NOLOGO kernel32.lib user32.lib gdi32.lib winspool.lib comdlg32.lib advapi32.lib shell32.lib ole32.lib oleaut32.lib uuid.lib odbc32.lib odbccp32.lib /MANIFEST /ManifestFile:"Debug\day1.exe.intermediate.manifest" /MANIFESTUAC:"level='asInvoker' uiAccess='false'" /DEBUG /PDB:"D:\cziliao\day1\Debug\day1.pdb" /SUBSYSTEM:CONSOLE /TLBID:1 /DYNAMICBASE /NXCOMPAT /IMPLIB:"D:\cziliao\day1\Debug\day1.lib" /MACHINE:X86 Debug\day1.exe.embed.manifest.res
         Debug\day1.obj
       Manifest:
         C:\Program Files (x86)\Microsoft SDKs\Windows\v7.0A\bin\mt.exe /nologo /verbose /out:"Debug\day1.exe.embed.manifest" /manifest Debug\day1.exe.intermediate.manifest
         所有输出均为最新。
       LinkEmbedManifest:
         所有输出均为最新。
         day1.vcxproj -> D:\cziliao\day1\Debug\day1.exe
       FinalizeBuildStatus:
         正在删除文件“Debug\day1.unsuccessfulbuild”。
         正在对“Debug\day1.lastbuildstate”执行 Touch 任务。
     1>已完成生成项目“D:\cziliao\day1\day1\day1.vcxproj”(build 个目标)的操作。

生成成功。

已用时间 00:00:01.00
